<?xml version="1.0" encoding="UTF-8"?>
<!-- Generated by org.testng.reporters.JUnitXMLReporter -->
<testsuite ignored="0" hostname="BLR1-LHP-N71826" failures="1" tests="1" name="subTest" time="0.01" errors="0" timestamp="2022-07-15T10:19:23 IST">
  <testcase classname="paramPackage.Subtraction" name="sub" time="0.0">
    <failure type="org.testng.TestNGException" message="
Cannot inject @Test annotated Method [sub] with [int, int].
For more information on native dependency injection please refer to https://testng.org/doc/documentation-main.html#native-dependency-injection">
      <![CDATA[org.testng.TestNGException: 
Cannot inject @Test annotated Method [sub] with [int, int].
For more information on native dependency injection please refer to https://testng.org/doc/documentation-main.html#native-dependency-injection
at java.base/java.util.ArrayList.forEach(ArrayList.java:1541)
... Removed 26 stack frames]]>
    </failure>
  </testcase> <!-- sub -->
</testsuite> <!-- subTest -->
