<?xml version="1.0" encoding="UTF-8"?>
<!-- Generated by org.testng.reporters.JUnitXMLReporter -->
<testsuite ignored="0" hostname="BLR1-LHP-N71826" failures="1" tests="3" name="Test1" time="7.125" errors="0" timestamp="2022-07-20T21:02:57 IST">
  <testcase classname="dataprovider.Exp" name="s" time="0.0">
    <failure type="org.testng.TestNGException" message="
Parameter &amp;apos;b&amp;apos; is required by @Test on method s but has not been marked @Optional or defined
in /home/guptha/eclipse-workspace/TestNGProject/XMl.xml">
      <![CDATA[org.testng.TestNGException: 
Parameter 'b' is required by @Test on method s but has not been marked @Optional or defined
in /home/guptha/eclipse-workspace/TestNGProject/XMl.xml
at java.base/java.util.ArrayList.forEach(ArrayList.java:1541)
... Removed 26 stack frames]]>
    </failure>
  </testcase> <!-- s -->
  <testcase classname="dataprovider.Exp" name="searchText" time="0.042"/>
  <testcase classname="dataprovider.Exp" name="searchText" time="0.018"/>
</testsuite> <!-- Test1 -->
